<?xml version="1.0" encoding="utf-8"?><testsuites><testsuite name="pytest" errors="0" failures="0" skipped="0" tests="8" time="0.065" timestamp="2022-09-23T20:52:15.730294" hostname="MSI"><testcase classname="TestTriangle.TestTriangles" name="testEquilateralTriangles" time="0.004" /><testcase classname="TestTriangle.TestTriangles" name="testIsoscelesTriangleA" time="0.001" /><testcase classname="TestTriangle.TestTriangles" name="testRightTriangleA" time="0.001" /><testcase classname="TestTriangle.TestTriangles" name="testRightTriangleB" time="0.002" /><testcase classname="TestTriangle.TestTriangles" name="testScaleneTriangleA" time="0.001" /><testcase classname="TestTriangle.TestTriangles" name="testTriangeLengthForNegatoveValues" time="0.002" /><testcase classname="TestTriangle.TestTriangles" name="testTriangleLengthForInputString" time="0.001" /><testcase classname="TestTriangle.TestTriangles" name="testTriangleLengthGreaterThan200" time="0.001" /></testsuite></testsuites>